2026-04-26 19:11:15 | Effect: rain | File: vecteezy_pigeon-wild-life-photography-hdr-4k_30701773.jpg
2026-04-26 19:11:15 | Effect: snow | File: vecteezy_pigeon-wild-life-photography-hdr-4k_30701773.jpg
2026-04-26 19:11:19 | Effect: fog | File: vecteezy_pigeon-wild-life-photography-hdr-4k_30701773.jpg
2026-04-26 19:11:19 | Effect: night | File: vecteezy_pigeon-wild-life-photography-hdr-4k_30701773.jpg
2026-04-26 19:11:20 | Effect: sunny | File: vecteezy_pigeon-wild-life-photography-hdr-4k_30701773.jpg
2026-04-26 19:11:20 | Effect: autumn | File: vecteezy_pigeon-wild-life-photography-hdr-4k_30701773.jpg
2026-04-26 19:11:20 | Effect: motion_blur | File: vecteezy_pigeon-wild-life-photography-hdr-4k_30701773.jpg
2026-04-26 22:23:37 | Effect: rain | File: bird-black-beak-raven-crow-like-bird-crow-1535537-pxhere.com.jpg
2026-04-26 22:23:38 | Effect: snow | File: bird-black-beak-raven-crow-like-bird-crow-1535537-pxhere.com.jpg
2026-04-26 22:23:44 | Effect: fog | File: bird-black-beak-raven-crow-like-bird-crow-1535537-pxhere.com.jpg
2026-04-26 22:23:45 | Effect: night | File: bird-black-beak-raven-crow-like-bird-crow-1535537-pxhere.com.jpg
2026-04-26 22:23:45 | Effect: sunny | File: bird-black-beak-raven-crow-like-bird-crow-1535537-pxhere.com.jpg
2026-04-26 22:23:45 | Effect: autumn | File: bird-black-beak-raven-crow-like-bird-crow-1535537-pxhere.com.jpg
2026-04-26 22:23:46 | Effect: motion_blur | File: bird-black-beak-raven-crow-like-bird-crow-1535537-pxhere.com.jpg
2026-04-26 22:23:46 | Effect: rain | File: american_crow_1.jpg
2026-04-26 22:23:47 | Effect: snow | File: american_crow_1.jpg
2026-04-26 22:23:52 | Effect: fog | File: american_crow_1.jpg
2026-04-26 22:23:53 | Effect: night | File: american_crow_1.jpg
2026-04-26 22:23:53 | Effect: sunny | File: american_crow_1.jpg
2026-04-26 22:23:54 | Effect: autumn | File: american_crow_1.jpg
2026-04-26 22:23:54 | Effect: motion_blur | File: american_crow_1.jpg
2026-04-26 22:23:54 | Effect: rain | File: vecteezy_pigeon-wild-life-photography-hdr-4k_30701773.jpg
2026-04-26 22:23:55 | Effect: snow | File: vecteezy_pigeon-wild-life-photography-hdr-4k_30701773.jpg
2026-04-26 22:23:59 | Effect: fog | File: vecteezy_pigeon-wild-life-photography-hdr-4k_30701773.jpg
2026-04-26 22:23:59 | Effect: night | File: vecteezy_pigeon-wild-life-photography-hdr-4k_30701773.jpg
2026-04-26 22:23:59 | Effect: sunny | File: vecteezy_pigeon-wild-life-photography-hdr-4k_30701773.jpg
2026-04-26 22:24:00 | Effect: autumn | File: vecteezy_pigeon-wild-life-photography-hdr-4k_30701773.jpg
2026-04-26 22:24:00 | Effect: motion_blur | File: vecteezy_pigeon-wild-life-photography-hdr-4k_30701773.jpg
2026-04-26 22:24:00 | Effect: rain | File: bald_eagle_1.jpg
2026-04-26 22:24:01 | Effect: snow | File: bald_eagle_1.jpg
2026-04-26 22:24:03 | Effect: fog | File: bald_eagle_1.jpg
2026-04-26 22:24:03 | Effect: night | File: bald_eagle_1.jpg
2026-04-26 22:24:03 | Effect: sunny | File: bald_eagle_1.jpg
2026-04-26 22:24:04 | Effect: autumn | File: bald_eagle_1.jpg
2026-04-26 22:24:04 | Effect: motion_blur | File: bald_eagle_1.jpg
2026-04-26 22:24:04 | Effect: rain | File: scarlet_macaw_1.jpg
2026-04-26 22:24:05 | Effect: snow | File: scarlet_macaw_1.jpg
2026-04-26 22:24:18 | Effect: fog | File: scarlet_macaw_1.jpg
2026-04-26 22:24:18 | Effect: night | File: scarlet_macaw_1.jpg
2026-04-26 22:24:18 | Effect: sunny | File: scarlet_macaw_1.jpg
2026-04-26 22:24:19 | Effect: autumn | File: scarlet_macaw_1.jpg
2026-04-26 22:24:19 | Effect: motion_blur | File: scarlet_macaw_1.jpg
2026-04-26 22:24:19 | Effect: rain | File: house_sparrow_1.jpg
2026-04-26 22:24:20 | Effect: snow | File: house_sparrow_1.jpg
2026-04-26 22:24:22 | Effect: fog | File: house_sparrow_1.jpg
2026-04-26 22:24:22 | Effect: night | File: house_sparrow_1.jpg
2026-04-26 22:24:23 | Effect: sunny | File: house_sparrow_1.jpg
2026-04-26 22:24:23 | Effect: autumn | File: house_sparrow_1.jpg
2026-04-26 22:24:23 | Effect: motion_blur | File: house_sparrow_1.jpg
2026-04-26 22:24:24 | Effect: rain | File: rock_pigeon_1.jpg
2026-04-26 22:24:24 | Effect: snow | File: rock_pigeon_1.jpg
2026-04-26 22:24:35 | Effect: fog | File: rock_pigeon_1.jpg
2026-04-26 22:24:35 | Effect: night | File: rock_pigeon_1.jpg
2026-04-26 22:24:36 | Effect: sunny | File: rock_pigeon_1.jpg
2026-04-26 22:24:36 | Effect: autumn | File: rock_pigeon_1.jpg
2026-04-26 22:24:37 | Effect: motion_blur | File: rock_pigeon_1.jpg
